Exporter version: 6.2.4, Blender version: 2.81 (sub 16)
========= Conversion from Blender to Babylon.js =========
	Scene settings used :
		inline textures     :  false
		Material Type       :  PBR
		Positions Precision :  4
		Normals Precision   :  3
		UVs Precision       :  3
		Vert Color Precision:  3
		Mat Weight Precision:  2
		texture directory   :  C:\xampp\htdocs\babylonScenes\skateboard\
	Python World class constructor completed
	processing begun of camera (UniversalCamera):  Camera
	processing begun of mesh:  skateboard
		processing begun of material:  Wood_02
			WARNING: unsupported node type(NodeReroute) will trigger baking
			WARNING: unsupported node type(NodeReroute) will trigger baking
			WARNING: unsupported node type(NodeReroute) will trigger baking
			WARNING: unsupported node type(ShaderNodeRGBCurve) will trigger baking
			WARNING: unsupported node type(NodeReroute) will trigger baking
			WARNING: unsupported node group(Group.001) will trigger baking
			WARNING: Roughness channel baking required, but not possible, ignored
			processing texture Wood023_2K_Normal
				texture type:  bumpTexture, mapped using: "UVMap"
			processing texture Wood023_2K_Color
				texture type:  diffuseTexture, mapped using: "UVMap"
			processing texture Wood023_2K_Roughness
				texture type:  value not meaningful 2, mapped using: "UVMap"
			Baking texture, type: DIFFUSE, mapped using: UVMap
			processing texture Wood_02_DIFFUSE
				texture type:  diffuseTexture, mapped using: "UVMap"
			bake time:  0 min, 12.513 secs
		num positions      :  17559
		num normals        :  17559
		num tangents       :  0
		num uvs            :  35118
		num uvs2           :  0
		num colors         :  70236
		num indices        :  18420
	processing begun of mesh:  wheelbase
		processing begun of material:  Wood_02
			WARNING: unsupported node type(NodeReroute) will trigger baking
			WARNING: unsupported node type(NodeReroute) will trigger baking
			WARNING: unsupported node type(NodeReroute) will trigger baking
			WARNING: unsupported node type(ShaderNodeRGBCurve) will trigger baking
			WARNING: unsupported node type(NodeReroute) will trigger baking
			WARNING: unsupported node group(Group.001) will trigger baking
			WARNING: Roughness channel baking required, but not possible, ignored
			processing texture Wood023_2K_Normal
				texture type:  bumpTexture, mapped using: "UVMap"
			processing texture Wood023_2K_Color
				texture type:  diffuseTexture, mapped using: "UVMap"
			processing texture Wood023_2K_Roughness
				texture type:  value not meaningful 2, mapped using: "UVMap"
			Baking texture, type: DIFFUSE, mapped using: UVMap
			processing texture Wood_02_DIFFUSE
				texture type:  diffuseTexture, mapped using: "UVMap"
			bake time:  0 min, 1.949 secs
		num positions      :  2913
		num normals        :  2913
		num tangents       :  0
		num uvs            :  5826
		num uvs2           :  0
		num colors         :  11652
		num indices        :  3174
	processing begun of light (POINT):  Light
========= Writing of JSON file started =========
	writing mesh:  skateboard
	writing mesh:  wheelbase
========= Writing of JSON file completed =========
========= end of processing =========
elapsed time:  0 min, 16.0577 secs
